<?xml version="1.0" encoding="UTF-8"?>
<!-- Generated by org.testng.reporters.JUnitXMLReporter -->
<testsuite ignored="0" hostname="LAPTOP-ATI1PMBG" failures="0" tests="3" name="Default test" time="0.057" errors="0" timestamp="21 Sep 2021 11:22:56 GMT">
  <testcase classname="com.comcast.lead.Comcast_Lead_11" name="lead1" time="0.013"/>
  <testcase classname="com.comcast.lead.Comcast_Lead_11" name="lead2" time="0.003"/>
  <testcase classname="com.comcast.lead.Comcast_Lead_11" name="lead3" time="0.001"/>
</testsuite> <!-- Default test -->
