<?xml version="1.0" encoding="UTF-8"?>
<testng-results ignored="0" total="3" passed="3" failed="0" skipped="0">
  <reporter-output>
  </reporter-output>
  <suite started-at="2021-09-21T11:22:56Z" name="Default suite" finished-at="2021-09-21T11:22:56Z" duration-ms="57">
    <groups>
    </groups>
    <test started-at="2021-09-21T11:22:56Z" name="Default test" finished-at="2021-09-21T11:22:56Z" duration-ms="57">
      <class name="com.comcast.lead.Comcast_Lead_11">
        <test-method signature="lead1()[pri:0, instance:com.comcast.lead.Comcast_Lead_11@5a5338df]" started-at="2021-09-21T11:22:56Z" name="lead1" finished-at="2021-09-21T11:22:56Z" duration-ms="13" status="PASS">
          <reporter-output>
          </reporter-output>
        </test-method> <!-- lead1 -->
        <test-method signature="lead2()[pri:0, instance:com.comcast.lead.Comcast_Lead_11@5a5338df]" started-at="2021-09-21T11:22:56Z" name="lead2" finished-at="2021-09-21T11:22:56Z" duration-ms="3" status="PASS">
          <reporter-output>
          </reporter-output>
        </test-method> <!-- lead2 -->
        <test-method signature="lead3()[pri:0, instance:com.comcast.lead.Comcast_Lead_11@5a5338df]" started-at="2021-09-21T11:22:56Z" name="lead3" finished-at="2021-09-21T11:22:56Z" duration-ms="1" status="PASS">
          <reporter-output>
          </reporter-output>
        </test-method> <!-- lead3 -->
      </class> <!-- com.comcast.lead.Comcast_Lead_11 -->
    </test> <!-- Default test -->
  </suite> <!-- Default suite -->
</testng-results>
